<?xml version="1.0" encoding="UTF-8" ?>
<testsuite 
errors="0" failures="2" hostname="tormund" name="fr.smile.Exo3Spec" tests="2" time="0.777" timestamp="2019-10-28T21:44:53">
  <properties>
[...]
</properties>
  <testcase 
  name="groupByChannel should group and count videos by channel" classname="fr.smile.Exo3Spec" time="0.432">
    <failure 
    message="Field &quot;total_videos&quot; does not exist.&amp;#010;Available fields: channel_title, video_title" type="class java.lang.IllegalArgumentException">
      java.lang.IllegalArgumentException: Field &quot;total_videos&quot; does not exist.
Available fields: channel_title, video_title
      at org.apache.spark.sql.types.StructType$$anonfun$fieldIndex$1.apply(StructType.scala:303)
      at org.apache.spark.sql.types.StructType$$anonfun$fieldIndex$1.apply(StructType.scala:303)
      at scala.collection.MapLike$class.getOrElse(MapLike.scala:128)
      at scala.collection.AbstractMap.getOrElse(Map.scala:59)
      at org.apache.spark.sql.types.StructType.fieldIndex(StructType.scala:302)
      at org.apache.spark.sql.catalyst.expressions.GenericRowWithSchema.fieldIndex(rows.scala:187)
      at org.apache.spark.sql.Row$class.getAs(Row.scala:333)
      at org.apache.spark.sql.catalyst.expressions.GenericRow.getAs(rows.scala:166)
      at fr.smile.Exo3Spec$$anonfun$1$$anonfun$apply$mcV$sp$1.apply(Exo3Spec.scala:18)
      at fr.smile.Exo3Spec$$anonfun$1$$anonfun$apply$mcV$sp$1.apply(Exo3Spec.scala:8)
      at fr.smile.SparkSessionSupport$class.withSparkSession(SparkSessionSupport.scala:13)
      at fr.smile.Exo3Spec.withSparkSession(Exo3Spec.scala:5)
      at fr.smile.Exo3Spec$$anonfun$1.apply$mcV$sp(Exo3Spec.scala:7)
      at fr.smile.Exo3Spec$$anonfun$1.apply(Exo3Spec.scala:7)
      at fr.smile.Exo3Spec$$anonfun$1.apply(Exo3Spec.scala:7)
      at org.scalatest.OutcomeOf$class.outcomeOf(OutcomeOf.scala:85)
      at org.scalatest.OutcomeOf$.outcomeOf(OutcomeOf.scala:104)
      at org.scalatest.Transformer.apply(Transformer.scala:22)
      at org.scalatest.Transformer.apply(Transformer.scala:20)
      at org.scalatest.FlatSpecLike$$anon$1.apply(FlatSpecLike.scala:1682)
      at org.scalatest.TestSuite$class.withFixture(TestSuite.scala:196)
      at org.scalatest.FlatSpec.withFixture(FlatSpec.scala:1685)
      at org.scalatest.FlatSpecLike$class.invokeWithFixture$1(FlatSpecLike.scala:1679)
      at org.scalatest.FlatSpecLike$$anonfun$runTest$1.apply(FlatSpecLike.scala:1692)
      at org.scalatest.FlatSpecLike$$anonfun$runTest$1.apply(FlatSpecLike.scala:1692)
      at org.scalatest.SuperEngine.runTestImpl(Engine.scala:289)
      at org.scalatest.FlatSpecLike$class.runTest(FlatSpecLike.scala:1692)
      at org.scalatest.FlatSpec.runTest(FlatSpec.scala:1685)
      at org.scalatest.FlatSpecLike$$anonfun$runTests$1.apply(FlatSpecLike.scala:1750)
      at org.scalatest.FlatSpecLike$$anonfun$runTests$1.apply(FlatSpecLike.scala:1750)
      at org.scalatest.SuperEngine$$anonfun$traverseSubNodes$1$1.apply(Engine.scala:396)
      at org.scalatest.SuperEngine$$anonfun$traverseSubNodes$1$1.apply(Engine.scala:384)
      at scala.collection.immutable.List.foreach(List.scala:381)
      at org.scalatest.SuperEngine.traverseSubNodes$1(Engine.scala:384)
      at org.scalatest.SuperEngine.org$scalatest$SuperEngine$$runTestsInBranch(Engine.scala:373)
      at org.scalatest.SuperEngine$$anonfun$traverseSubNodes$1$1.apply(Engine.scala:410)
      at org.scalatest.SuperEngine$$anonfun$traverseSubNodes$1$1.apply(Engine.scala:384)
      at scala.collection.immutable.List.foreach(List.scala:381)
      at org.scalatest.SuperEngine.traverseSubNodes$1(Engine.scala:384)
      at org.scalatest.SuperEngine.org$scalatest$SuperEngine$$runTestsInBranch(Engine.scala:379)
      at org.scalatest.SuperEngine.runTestsImpl(Engine.scala:461)
      at org.scalatest.FlatSpecLike$class.runTests(FlatSpecLike.scala:1750)
      at org.scalatest.FlatSpec.runTests(FlatSpec.scala:1685)
      at org.scalatest.Suite$class.run(Suite.scala:1147)
      at org.scalatest.FlatSpec.org$scalatest$FlatSpecLike$$super$run(FlatSpec.scala:1685)
      at org.scalatest.FlatSpecLike$$anonfun$run$1.apply(FlatSpecLike.scala:1795)
      at org.scalatest.FlatSpecLike$$anonfun$run$1.apply(FlatSpecLike.scala:1795)
      at org.scalatest.SuperEngine.runImpl(Engine.scala:521)
      at org.scalatest.FlatSpecLike$class.run(FlatSpecLike.scala:1795)
      at org.scalatest.FlatSpec.run(FlatSpec.scala:1685)
      at org.scalatest.Suite$class.callExecuteOnSuite$1(Suite.scala:1210)
      at org.scalatest.Suite$$anonfun$runNestedSuites$1.apply(Suite.scala:1257)
      at org.scalatest.Suite$$anonfun$runNestedSuites$1.apply(Suite.scala:1255)
      at scala.collection.IndexedSeqOptimized$class.foreach(IndexedSeqOptimized.scala:33)
      at scala.collection.mutable.ArrayOps$ofRef.foreach(ArrayOps.scala:186)
      at org.scalatest.Suite$class.runNestedSuites(Suite.scala:1255)
      at org.scalatest.tools.DiscoverySuite.runNestedSuites(DiscoverySuite.scala:30)
      at org.scalatest.Suite$class.run(Suite.scala:1144)
      at org.scalatest.tools.DiscoverySuite.run(DiscoverySuite.scala:30)
      at org.scalatest.tools.SuiteRunner.run(SuiteRunner.scala:45)
      at org.scalatest.tools.Runner$$anonfun$doRunRunRunDaDoRunRun$1.apply(Runner.scala:1346)
      at org.scalatest.tools.Runner$$anonfun$doRunRunRunDaDoRunRun$1.apply(Runner.scala:1340)
      at scala.collection.immutable.List.foreach(List.scala:381)
      at org.scalatest.tools.Runner$.doRunRunRunDaDoRunRun(Runner.scala:1340)
      at org.scalatest.tools.Runner$$anonfun$runOptionallyWithPassFailReporter$2.apply(Runner.scala:1011)
      at org.scalatest.tools.Runner$$anonfun$runOptionallyWithPassFailReporter$2.apply(Runner.scala:1010)
      at org.scalatest.tools.Runner$.withClassLoaderAndDispatchReporter(Runner.scala:1506)
      at org.scalatest.tools.Runner$.runOptionallyWithPassFailReporter(Runner.scala:1010)
      at org.scalatest.tools.Runner$.main(Runner.scala:827)
      at org.scalatest.tools.Runner.main(Runner.scala)
</failure>
</testcase>
  <testcase 
  name="sortVideos should sort videos descendant" classname="fr.smile.Exo3Spec" time="0.342">
    <failure 
    message="&quot;[cyprien]&quot; was not equal to &quot;[mcfly&amp;carlito]&quot;" type="class org.scalatest.exceptions.TestFailedException">
      org.scalatest.exceptions.TestFailedException: &quot;[cyprien]&quot; was not equal to &quot;[mcfly&amp;carlito]&quot;
      at org.scalatest.MatchersHelper$.indicateFailure(MatchersHelper.scala:346)
      at org.scalatest.Matchers$AnyShouldWrapper.shouldBe(Matchers.scala:6864)
      at fr.smile.Exo3Spec$$anonfun$2$$anonfun$apply$mcV$sp$2.apply(Exo3Spec.scala:35)
      at fr.smile.Exo3Spec$$anonfun$2$$anonfun$apply$mcV$sp$2.apply(Exo3Spec.scala:24)
      at fr.smile.SparkSessionSupport$class.withSparkSession(SparkSessionSupport.scala:13)
      at fr.smile.Exo3Spec.withSparkSession(Exo3Spec.scala:5)
      at fr.smile.Exo3Spec$$anonfun$2.apply$mcV$sp(Exo3Spec.scala:23)
      at fr.smile.Exo3Spec$$anonfun$2.apply(Exo3Spec.scala:23)
      at fr.smile.Exo3Spec$$anonfun$2.apply(Exo3Spec.scala:23)
      at org.scalatest.OutcomeOf$class.outcomeOf(OutcomeOf.scala:85)
      at org.scalatest.OutcomeOf$.outcomeOf(OutcomeOf.scala:104)
      at org.scalatest.Transformer.apply(Transformer.scala:22)
      at org.scalatest.Transformer.apply(Transformer.scala:20)
      at org.scalatest.FlatSpecLike$$anon$1.apply(FlatSpecLike.scala:1682)
      at org.scalatest.TestSuite$class.withFixture(TestSuite.scala:196)
      at org.scalatest.FlatSpec.withFixture(FlatSpec.scala:1685)
      at org.scalatest.FlatSpecLike$class.invokeWithFixture$1(FlatSpecLike.scala:1679)
      at org.scalatest.FlatSpecLike$$anonfun$runTest$1.apply(FlatSpecLike.scala:1692)
      at org.scalatest.FlatSpecLike$$anonfun$runTest$1.apply(FlatSpecLike.scala:1692)
      at org.scalatest.SuperEngine.runTestImpl(Engine.scala:289)
      at org.scalatest.FlatSpecLike$class.runTest(FlatSpecLike.scala:1692)
      at org.scalatest.FlatSpec.runTest(FlatSpec.scala:1685)
      at org.scalatest.FlatSpecLike$$anonfun$runTests$1.apply(FlatSpecLike.scala:1750)
      at org.scalatest.FlatSpecLike$$anonfun$runTests$1.apply(FlatSpecLike.scala:1750)
      at org.scalatest.SuperEngine$$anonfun$traverseSubNodes$1$1.apply(Engine.scala:396)
      at org.scalatest.SuperEngine$$anonfun$traverseSubNodes$1$1.apply(Engine.scala:384)
      at scala.collection.immutable.List.foreach(List.scala:381)
      at org.scalatest.SuperEngine.traverseSubNodes$1(Engine.scala:384)
      at org.scalatest.SuperEngine.org$scalatest$SuperEngine$$runTestsInBranch(Engine.scala:373)
      at org.scalatest.SuperEngine$$anonfun$traverseSubNodes$1$1.apply(Engine.scala:410)
      at org.scalatest.SuperEngine$$anonfun$traverseSubNodes$1$1.apply(Engine.scala:384)
      at scala.collection.immutable.List.foreach(List.scala:381)
      at org.scalatest.SuperEngine.traverseSubNodes$1(Engine.scala:384)
      at org.scalatest.SuperEngine.org$scalatest$SuperEngine$$runTestsInBranch(Engine.scala:379)
      at org.scalatest.SuperEngine.runTestsImpl(Engine.scala:461)
      at org.scalatest.FlatSpecLike$class.runTests(FlatSpecLike.scala:1750)
      at org.scalatest.FlatSpec.runTests(FlatSpec.scala:1685)
      at org.scalatest.Suite$class.run(Suite.scala:1147)
      at org.scalatest.FlatSpec.org$scalatest$FlatSpecLike$$super$run(FlatSpec.scala:1685)
      at org.scalatest.FlatSpecLike$$anonfun$run$1.apply(FlatSpecLike.scala:1795)
      at org.scalatest.FlatSpecLike$$anonfun$run$1.apply(FlatSpecLike.scala:1795)
      at org.scalatest.SuperEngine.runImpl(Engine.scala:521)
      at org.scalatest.FlatSpecLike$class.run(FlatSpecLike.scala:1795)
      at org.scalatest.FlatSpec.run(FlatSpec.scala:1685)
      at org.scalatest.Suite$class.callExecuteOnSuite$1(Suite.scala:1210)
      at org.scalatest.Suite$$anonfun$runNestedSuites$1.apply(Suite.scala:1257)
      at org.scalatest.Suite$$anonfun$runNestedSuites$1.apply(Suite.scala:1255)
      at scala.collection.IndexedSeqOptimized$class.foreach(IndexedSeqOptimized.scala:33)
      at scala.collection.mutable.ArrayOps$ofRef.foreach(ArrayOps.scala:186)
      at org.scalatest.Suite$class.runNestedSuites(Suite.scala:1255)
      at org.scalatest.tools.DiscoverySuite.runNestedSuites(DiscoverySuite.scala:30)
      at org.scalatest.Suite$class.run(Suite.scala:1144)
      at org.scalatest.tools.DiscoverySuite.run(DiscoverySuite.scala:30)
      at org.scalatest.tools.SuiteRunner.run(SuiteRunner.scala:45)
      at org.scalatest.tools.Runner$$anonfun$doRunRunRunDaDoRunRun$1.apply(Runner.scala:1346)
      at org.scalatest.tools.Runner$$anonfun$doRunRunRunDaDoRunRun$1.apply(Runner.scala:1340)
      at scala.collection.immutable.List.foreach(List.scala:381)
      at org.scalatest.tools.Runner$.doRunRunRunDaDoRunRun(Runner.scala:1340)
      at org.scalatest.tools.Runner$$anonfun$runOptionallyWithPassFailReporter$2.apply(Runner.scala:1011)
      at org.scalatest.tools.Runner$$anonfun$runOptionallyWithPassFailReporter$2.apply(Runner.scala:1010)
      at org.scalatest.tools.Runner$.withClassLoaderAndDispatchReporter(Runner.scala:1506)
      at org.scalatest.tools.Runner$.runOptionallyWithPassFailReporter(Runner.scala:1010)
      at org.scalatest.tools.Runner$.main(Runner.scala:827)
      at org.scalatest.tools.Runner.main(Runner.scala)
</failure>
</testcase>
  <system-out><![CDATA[]]></system-out>
  <system-err><![CDATA[]]></system-err>
</testsuite>
